sampleapp/build/outputs/logs/manifest-merger-debug-report.txt
-- Merging decision tree log ---
manifest
ADDED from src/main/AndroidManifest.xml:2:1-148:12
	package
		ADDED from src/main/AndroidManifest.xml:3:11-48
		INJECTED from src/main/AndroidManifest.xml
		INJECTED from src/main/AndroidManifest.xml
	android:versionName
		INJECTED from src/main/AndroidManifest.xml
		INJECTED from src/main/AndroidManifest.xml
	xmlns:android
		ADDED from src/main/AndroidManifest.xml:2:11-69
	android:versionCode
		INJECTED from src/main/AndroidManifest.xml
		INJECTED from src/main/AndroidManifest.xml
uses-permission#android.permission.WRITE_EXTERNAL_STORAGE
ADDED from src/main/AndroidManifest.xml:5:5-80
	android:name
		ADDED from src/main/AndroidManifest.xml:5:22-78
uses-permission#android.permission.READ_EXTERNAL_STORAGE
ADDED from src/main/AndroidManifest.xml:6:5-79
	android:name
		ADDED from src/main/AndroidManifest.xml:6:22-77
uses-permission#android.permission.INTERNET
ADDED from src/main/AndroidManifest.xml:7:5-66
	android:name
		ADDED from src/main/AndroidManifest.xml:7:22-64
uses-permission#android.permission.ACCESS_NETWORK_STATE
ADDED from src/main/AndroidManifest.xml:8:5-78
	android:name
		ADDED from src/main/AndroidManifest.xml:8:22-76
uses-permission#android.permission.ACCESS_COARSE_LOCATION
ADDED from src/main/AndroidManifest.xml:9:5-80
	android:name
		ADDED from src/main/AndroidManifest.xml:9:22-78
uses-permission#android.permission.GET_ACCOUNTS
ADDED from src/main/AndroidManifest.xml:10:5-70
	android:name
		ADDED from src/main/AndroidManifest.xml:10:22-68
uses-permission#android.permission.BLUETOOTH
ADDED from src/main/AndroidManifest.xml:11:5-67
MERGED from [com.polidea.rxandroidble:rxandroidble:1.4.1] AndroidManifest.xml:11:5-68
MERGED from [no.nordicsemi.android:dfu:1.4.2] AndroidManifest.xml:11:5-68
	android:name
		ADDED from src/main/AndroidManifest.xml:11:22-65
uses-permission#android.permission.MANAGE_DOCUMENTS
ADDED from src/main/AndroidManifest.xml:12:5-74
	android:name
		ADDED from src/main/AndroidManifest.xml:12:22-72
uses-permission#android.permission.ACCESS_FINE_LOCATION
ADDED from src/main/AndroidManifest.xml:13:5-79
	android:name
		ADDED from src/main/AndroidManifest.xml:13:22-76
uses-feature#android.hardware.location.gps
ADDED from src/main/AndroidManifest.xml:15:5-66
	android:name
		ADDED from src/main/AndroidManifest.xml:15:19-63
uses-feature#android.hardware.bluetooth_le
ADDED from src/main/AndroidManifest.xml:17:5-19:34
	android:required
		ADDED from src/main/AndroidManifest.xml:19:9-32
	android:name
		ADDED from src/main/AndroidManifest.xml:18:9-53
application
ADDED from src/main/AndroidManifest.xml:21:5-146:19
MERGED from [com.android.support:recyclerview-v7:25.4.0] AndroidManifest.xml:22:5-26:19
MERGED from [com.google.android.gms:play-services-location:11.2.2] AndroidManifest.xml:4:5-19
MERGED from [com.polidea.rxandroidble:rxandroidble:1.4.1] AndroidManifest.xml:16:5-53
MERGED from [com.jjoe64:graphview:4.2.1] AndroidManifest.xml:11:5-12:19
MERGED from [com.google.android.gms:play-services-drive:11.2.2] AndroidManifest.xml:18:5-19
MERGED from [com.google.android.gms:play-services-auth:11.2.2] AndroidManifest.xml:19:5-25:19
MERGED from [com.google.android.gms:play-services-base:11.2.2] AndroidManifest.xml:18:5-20:19
MERGED from [com.google.android.gms:play-services-tasks:11.2.2] AndroidManifest.xml:4:5-19
MERGED from [com.google.android.gms:play-services-basement:11.2.2] AndroidManifest.xml:19:5-21:19
MERGED from [pub.devrel:easypermissions:0.2.1] AndroidManifest.xml:12:5-20
MERGED from [com.android.support:appcompat-v7:25.4.0] AndroidManifest.xml:25:5-29:19
MERGED from [com.android.support:animated-vector-drawable:25.4.0] AndroidManifest.xml:22:5-26:19
MERGED from [com.android.support:support-vector-drawable:25.4.0] AndroidManifest.xml:22:5-26:19
MERGED from [com.android.support:support-v4:25.4.0] AndroidManifest.xml:25:5-29:19
MERGED from [com.android.support:support-fragment:25.4.0] AndroidManifest.xml:25:5-29:19
MERGED from [com.android.support:support-media-compat:25.4.0] AndroidManifest.xml:25:5-29:19
MERGED from [com.android.support:support-core-ui:25.4.0] AndroidManifest.xml:25:5-29:19
MERGED from [com.android.support:support-core-utils:25.4.0] AndroidManifest.xml:25:5-29:19
MERGED from [com.android.support:support-compat:25.4.0] AndroidManifest.xml:25:5-29:19
MERGED from [com.android.support.constraint:constraint-layout:1.0.2] AndroidManifest.xml:9:5-20
MERGED from [com.hanks:htextview-evaporate:0.1.1] AndroidManifest.xml:11:5-14:19
	android:label
		ADDED from src/main/AndroidManifest.xml:25:9-41
	android:supportsRtl
		ADDED from src/main/AndroidManifest.xml:26:9-35
	android:allowBackup
		ADDED from src/main/AndroidManifest.xml:23:9-35
	android:icon
		ADDED from src/main/AndroidManifest.xml:24:9-43
	android:theme
		ADDED from src/main/AndroidManifest.xml:27:9-40
	android:name
		ADDED from src/main/AndroidManifest.xml:22:9-34
activity#com.movesense.mds.sampleapp.MainActivity
ADDED from src/main/AndroidManifest.xml:28:9-30:51
	android:screenOrientation
		ADDED from src/main/AndroidManifest.xml:30:13-49
	android:name
		ADDED from src/main/AndroidManifest.xml:29:13-41
activity#com.movesense.mds.sampleapp.example_app_using_mds_api.SelectTestActivity
ADDED from src/main/AndroidManifest.xml:31:9-33:51
	android:screenOrientation
		ADDED from src/main/AndroidManifest.xml:33:13-49
	android:name
		ADDED from src/main/AndroidManifest.xml:32:13-73
activity#com.movesense.mds.sampleapp.example_app_using_mds_api.tests.LedTestActivity
ADDED from src/main/AndroidManifest.xml:34:9-36:51
	android:screenOrientation
		ADDED from src/main/AndroidManifest.xml:36:13-49
	android:name
		ADDED from src/main/AndroidManifest.xml:35:13-76
activity#com.movesense.mds.sampleapp.example_app_using_mds_api.tests.LinearAccelerationTestActivity
ADDED from src/main/AndroidManifest.xml:37:9-39:51
	android:screenOrientation
		ADDED from src/main/AndroidManifest.xml:39:13-49
	android:name
		ADDED from src/main/AndroidManifest.xml:38:13-91
activity#com.movesense.mds.sampleapp.example_app_using_mds_api.tests.HeartRateTestActivity
ADDED from src/main/AndroidManifest.xml:40:9-42:51
	android:screenOrientation
		ADDED from src/main/AndroidManifest.xml:42:13-49
	android:name
		ADDED from src/main/AndroidManifest.xml:41:13-82
activity#com.movesense.mds.sampleapp.example_app_using_mds_api.tests.TemperatureTestActivity
ADDED from src/main/AndroidManifest.xml:43:9-45:51
	android:screenOrientation
		ADDED from src/main/AndroidManifest.xml:45:13-49
	android:name
		ADDED from src/main/AndroidManifest.xml:44:13-84
activity#com.movesense.mds.sampleapp.example_app_using_mds_api.tests.MagneticFieldTestActivity
ADDED from src/main/AndroidManifest.xml:46:9-48:51
	android:screenOrientation
		ADDED from src/main/AndroidManifest.xml:48:13-49
	android:name
		ADDED from src/main/AndroidManifest.xml:47:13-86
activity#com.movesense.mds.sampleapp.example_app_using_mds_api.tests.AngularVelocityActivity
ADDED from src/main/AndroidManifest.xml:49:9-51:51
	android:screenOrientation
		ADDED from src/main/AndroidManifest.xml:51:13-49
	android:name
		ADDED from src/main/AndroidManifest.xml:50:13-84
activity#com.movesense.mds.sampleapp.example_app_using_mds_api.tests.MultiSubscribeActivity
ADDED from src/main/AndroidManifest.xml:52:9-54:51
	android:screenOrientation
		ADDED from src/main/AndroidManifest.xml:54:13-49
	android:name
		ADDED from src/main/AndroidManifest.xml:53:13-83
activity#com.movesense.mds.sampleapp.example_app_using_mds_api.SendLogsToGoogleDriveActivity
ADDED from src/main/AndroidManifest.xml:55:9-57:51
	android:screenOrientation
		ADDED from src/main/AndroidManifest.xml:57:13-49
	android:name
		ADDED from src/main/AndroidManifest.xml:56:13-84
provider#android.support.v4.content.FileProvider
ADDED from src/main/AndroidManifest.xml:59:9-67:20
	android:authorities
		ADDED from src/main/AndroidManifest.xml:61:13-51
		INJECTED from src/main/AndroidManifest.xml
	android:grantUriPermissions
		ADDED from src/main/AndroidManifest.xml:63:13-47
	android:exported
		ADDED from src/main/AndroidManifest.xml:62:13-37
	android:name
		ADDED from src/main/AndroidManifest.xml:60:13-67
meta-data#android.support.FILE_PROVIDER_PATHS
ADDED from src/main/AndroidManifest.xml:64:13-66:62
	android:resource
		ADDED from src/main/AndroidManifest.xml:66:17-60
	android:name
		ADDED from src/main/AndroidManifest.xml:65:17-67
activity#com.movesense.mds.sampleapp.example_app_using_mds_api.dfu.DfuActivity
ADDED from src/main/AndroidManifest.xml:69:9-71:51
	android:screenOrientation
		ADDED from src/main/AndroidManifest.xml:71:13-49
	android:name
		ADDED from src/main/AndroidManifest.xml:70:13-70
service#com.movesense.mds.sampleapp.example_app_using_mds_api.dfu.DfuService
ADDED from src/main/AndroidManifest.xml:73:9-76:38
	android:enabled
		ADDED from src/main/AndroidManifest.xml:75:13-35
	android:exported
		ADDED from src/main/AndroidManifest.xml:76:13-36
	android:name
		ADDED from src/main/AndroidManifest.xml:74:13-69
receiver#com.movesense.mds.sampleapp.example_app_using_mds_api.adb.AdbBridge
ADDED from src/main/AndroidManifest.xml:78:9-85:20
	android:enabled
		ADDED from src/main/AndroidManifest.xml:80:13-35
	android:exported
		ADDED from src/main/AndroidManifest.xml:81:13-36
	android:name
		ADDED from src/main/AndroidManifest.xml:79:13-68
intent-filter#android.intent.action.MOVESENSE
ADDED from src/main/AndroidManifest.xml:82:13-84:29
action#android.intent.action.MOVESENSE
ADDED from src/main/AndroidManifest.xml:83:17-73
	android:name
		ADDED from src/main/AndroidManifest.xml:83:25-71
activity#com.movesense.mds.sampleapp.example_app_using_mds_api.splash.SplashActivity
ADDED from src/main/AndroidManifest.xml:87:9-98:20
	android:screenOrientation
		ADDED from src/main/AndroidManifest.xml:89:13-49
	android:theme
		ADDED from src/main/AndroidManifest.xml:90:13-47
	android:name
		ADDED from src/main/AndroidManifest.xml:88:13-76
activity#com.movesense.mds.sampleapp.example_app_using_mds_api.mainView.MainViewActivity
ADDED from src/main/AndroidManifest.xml:99:9-108:20
	android:screenOrientation
		ADDED from src/main/AndroidManifest.xml:101:13-49
	android:name
		ADDED from src/main/AndroidManifest.xml:100:13-80
intent-filter#android.intent.action.MAIN+android.intent.action.MY_ACTION+android.intent.category.LAUNCHER
ADDED from src/main/AndroidManifest.xml:102:13-107:29
action#android.intent.action.MAIN
ADDED from src/main/AndroidManifest.xml:103:17-68
	android:name
		ADDED from src/main/AndroidManifest.xml:103:25-66
action#android.intent.action.MY_ACTION
ADDED from src/main/AndroidManifest.xml:104:17-73
	android:name
		ADDED from src/main/AndroidManifest.xml:104:25-71
category#android.intent.category.LAUNCHER
ADDED from src/main/AndroidManifest.xml:106:17-76
	android:name
		ADDED from src/main/AndroidManifest.xml:106:27-74
activity#com.movesense.mds.sampleapp.example_app_using_mds_api.movesense.MovesenseActivity
ADDED from src/main/AndroidManifest.xml:109:9-111:51
	android:screenOrientation
		ADDED from src/main/AndroidManifest.xml:111:13-49
	android:name
		ADDED from src/main/AndroidManifest.xml:110:13-82
activity#com.movesense.mds.sampleapp.example_app_using_mds_api.multi_connection.connection.MultiConnectionActivity
ADDED from src/main/AndroidManifest.xml:112:9-114:51
	android:screenOrientation
		ADDED from src/main/AndroidManifest.xml:114:13-49
	android:name
		ADDED from src/main/AndroidManifest.xml:113:13-106
activity#com.movesense.mds.sampleapp.example_app_using_mds_api.saved_data.SavedDataActivity
ADDED from src/main/AndroidManifest.xml:115:9-117:51
	android:screenOrientation
		ADDED from src/main/AndroidManifest.xml:117:13-49
	android:name
		ADDED from src/main/AndroidManifest.xml:116:13-83
activity#com.movesense.mds.sampleapp.example_app_using_mds_api.about.AboutActivity
ADDED from src/main/AndroidManifest.xml:118:9-120:51
	android:screenOrientation
		ADDED from src/main/AndroidManifest.xml:120:13-49
	android:name
		ADDED from src/main/AndroidManifest.xml:119:13-74
activity#com.movesense.mds.sampleapp.example_app_using_mds_api.sensors.sensors_list.SensorListActivity
ADDED from src/main/AndroidManifest.xml:121:9-124:20
	android:screenOrientation
		ADDED from src/main/AndroidManifest.xml:123:13-49
	android:name
		ADDED from src/main/AndroidManifest.xml:122:13-94
activity#com.movesense.mds.sampleapp.example_app_using_mds_api.dfu.DfuActivity2
ADDED from src/main/AndroidManifest.xml:125:9-128:20
	android:screenOrientation
		ADDED from src/main/AndroidManifest.xml:127:13-49
	android:name
		ADDED from src/main/AndroidManifest.xml:126:13-71
activity#com.movesense.mds.sampleapp.example_app_using_mds_api.multi_connection.sensor_usage.MultiSensorUsageActivity
ADDED from src/main/AndroidManifest.xml:129:9-132:20
	android:screenOrientation
		ADDED from src/main/AndroidManifest.xml:131:13-49
	android:name
		ADDED from src/main/AndroidManifest.xml:130:13-109
activity#com.movesense.mds.sampleapp.example_app_using_mds_api.tests.EcgActivity
ADDED from src/main/AndroidManifest.xml:134:9-137:20
	android:screenOrientation
		ADDED from src/main/AndroidManifest.xml:136:13-49
	android:name
		ADDED from src/main/AndroidManifest.xml:135:13-72
activity#com.movesense.mds.sampleapp.example_app_using_mds_api.tests.BatteryActivity
ADDED from src/main/AndroidManifest.xml:138:9-141:20
	android:screenOrientation
		ADDED from src/main/AndroidManifest.xml:140:13-49
	android:name
		ADDED from src/main/AndroidManifest.xml:139:13-76
activity#com.movesense.mds.sampleapp.example_app_using_mds_api.tests.DirectionsActivity
ADDED from src/main/AndroidManifest.xml:142:9-145:20
	android:screenOrientation
		ADDED from src/main/AndroidManifest.xml:144:13-49
	android:name
		ADDED from src/main/AndroidManifest.xml:143:13-79
uses-sdk
INJECTED from src/main/AndroidManifest.xml reason: use-sdk injection requested
MERGED from [com.android.support:recyclerview-v7:25.4.0] AndroidManifest.xml:20:5-43
MERGED from [com.google.android.gms:play-services-location:11.2.2] AndroidManifest.xml:3:5-43
MERGED from [com.polidea.rxandroidble:rxandroidble:1.4.1] AndroidManifest.xml:7:5-9:41
MERGED from [com.artemzin.rxjava:proguard-rules:1.3.1.0] AndroidManifest.xml:8:5-43
MERGED from [io.reactivex:rxandroid:1.2.1] AndroidManifest.xml:19:5-43
MERGED from [com.android.support.test.espresso.idling:idling-concurrent:3.0.0] AndroidManifest.xml:19:3-70
MERGED from [com.android.support.test.espresso:espresso-idling-resource:3.0.0] AndroidManifest.xml:19:3-70
MERGED from [:mdslib:1.6.0(1)-release] AndroidManifest.xml:8:5-10:41
MERGED from [com.jakewharton:butterknife:8.5.1] AndroidManifest.xml:5:5-43
MERGED from [com.jjoe64:graphview:4.2.1] AndroidManifest.xml:7:5-9:41
MERGED from [com.google.android.gms:play-services-drive:11.2.2] AndroidManifest.xml:17:5-43
MERGED from [com.google.android.gms:play-services-auth:11.2.2] AndroidManifest.xml:17:5-43
MERGED from [com.google.android.gms:play-services-auth-api-phone:11.2.2] AndroidManifest.xml:3:3-41
MERGED from [com.google.android.gms:play-services-auth-base:11.2.2] AndroidManifest.xml:4:5-43
MERGED from [com.google.android.gms:play-services-base:11.2.2] AndroidManifest.xml:17:5-43
MERGED from [com.google.android.gms:play-services-tasks:11.2.2] AndroidManifest.xml:3:5-43
MERGED from [com.google.android.gms:play-services-basement:11.2.2] AndroidManifest.xml:17:5-43
MERGED from [pub.devrel:easypermissions:0.2.1] AndroidManifest.xml:8:5-10:41
MERGED from [com.android.support:appcompat-v7:25.4.0] AndroidManifest.xml:21:5-23:78
MERGED from [com.android.support:animated-vector-drawable:25.4.0] AndroidManifest.xml:20:5-44
MERGED from [com.android.support:support-vector-drawable:25.4.0] AndroidManifest.xml:20:5-43
MERGED from [no.nordicsemi.android:dfu:1.4.2] AndroidManifest.xml:7:5-9:41
MERGED from [com.android.support:support-v4:25.4.0] AndroidManifest.xml:21:5-23:54
MERGED from [com.android.support:support-fragment:25.4.0] AndroidManifest.xml:21:5-23:60
MERGED from [com.android.support:support-media-compat:25.4.0] AndroidManifest.xml:21:5-23:63
MERGED from [com.android.support:support-core-ui:25.4.0] AndroidManifest.xml:21:5-23:58
MERGED from [com.android.support:support-core-utils:25.4.0] AndroidManifest.xml:21:5-23:61
MERGED from [com.android.support:support-compat:25.4.0] AndroidManifest.xml:21:5-23:58
MERGED from [com.android.support.constraint:constraint-layout:1.0.2] AndroidManifest.xml:5:5-7:41
MERGED from [com.hanks:htextview-evaporate:0.1.1] AndroidManifest.xml:7:5-9:41
MERGED from [com.hanks:htextview-base:0.1.1] AndroidManifest.xml:7:5-9:41
	tools:overrideLibrary
		ADDED from [com.android.support:appcompat-v7:25.4.0] AndroidManifest.xml:23:9-75
	android:targetSdkVersion
		INJECTED from src/main/AndroidManifest.xml
		INJECTED from src/main/AndroidManifest.xml
	android:minSdkVersion
		INJECTED from src/main/AndroidManifest.xml
		INJECTED from src/main/AndroidManifest.xml
meta-data#android.support.VERSION
ADDED from [com.android.support:recyclerview-v7:25.4.0] AndroidManifest.xml:23:9-25:38
MERGED from [com.android.support:appcompat-v7:25.4.0] AndroidManifest.xml:26:9-28:38
MERGED from [com.android.support:animated-vector-drawable:25.4.0] AndroidManifest.xml:23:9-25:38
MERGED from [com.android.support:support-vector-drawable:25.4.0] AndroidManifest.xml:23:9-25:38
MERGED from [com.android.support:support-v4:25.4.0] AndroidManifest.xml:26:9-28:38
MERGED from [com.android.support:support-fragment:25.4.0] AndroidManifest.xml:26:9-28:38
MERGED from [com.android.support:support-media-compat:25.4.0] AndroidManifest.xml:26:9-28:38
MERGED from [com.android.support:support-core-ui:25.4.0] AndroidManifest.xml:26:9-28:38
MERGED from [com.android.support:support-core-utils:25.4.0] AndroidManifest.xml:26:9-28:38
MERGED from [com.android.support:support-compat:25.4.0] AndroidManifest.xml:26:9-28:38
	android:value
		ADDED from [com.android.support:recyclerview-v7:25.4.0] AndroidManifest.xml:25:13-35
	android:name
		ADDED from [com.android.support:recyclerview-v7:25.4.0] AndroidManifest.xml:24:13-51
uses-permission#android.permission.BLUETOOTH_ADMIN
ADDED from [com.polidea.rxandroidble:rxandroidble:1.4.1] AndroidManifest.xml:12:5-74
MERGED from [no.nordicsemi.android:dfu:1.4.2] AndroidManifest.xml:12:5-74
	android:name
		ADDED from [com.polidea.rxandroidble:rxandroidble:1.4.1] AndroidManifest.xml:12:22-71
uses-permission-sdk-23
ADDED from [com.polidea.rxandroidble:rxandroidble:1.4.1] AndroidManifest.xml:14:5-88
	android:name
		ADDED from [com.polidea.rxandroidble:rxandroidble:1.4.1] AndroidManifest.xml:14:29-85
activity#com.google.android.gms.auth.api.signin.internal.SignInHubActivity
ADDED from [com.google.android.gms:play-services-auth:11.2.2] AndroidManifest.xml:20:9-189
	android:excludeFromRecents
		ADDED from [com.google.android.gms:play-services-auth:11.2.2] AndroidManifest.xml:20:129-162
	android:exported
		ADDED from [com.google.android.gms:play-services-auth:11.2.2] AndroidManifest.xml:20:163-187
	android:theme
		ADDED from [com.google.android.gms:play-services-auth:11.2.2] AndroidManifest.xml:20:69-128
	android:name
		ADDED from [com.google.android.gms:play-services-auth:11.2.2] AndroidManifest.xml:20:19-68
service#com.google.android.gms.auth.api.signin.RevocationBoundService
ADDED from [com.google.android.gms:play-services-auth:11.2.2] AndroidManifest.xml:24:9-184
	android:exported
		ADDED from [com.google.android.gms:play-services-auth:11.2.2] AndroidManifest.xml:24:64-87
	android:permission
		ADDED from [com.google.android.gms:play-services-auth:11.2.2] AndroidManifest.xml:24:88-182
	android:name
		ADDED from [com.google.android.gms:play-services-auth:11.2.2] AndroidManifest.xml:24:18-63
activity#com.google.android.gms.common.api.GoogleApiActivity
ADDED from [com.google.android.gms:play-services-base:11.2.2] AndroidManifest.xml:19:9-172
	android:exported
		ADDED from [com.google.android.gms:play-services-base:11.2.2] AndroidManifest.xml:19:146-170
	android:theme
		ADDED from [com.google.android.gms:play-services-base:11.2.2] AndroidManifest.xml:19:86-145
	android:name
		ADDED from [com.google.android.gms:play-services-base:11.2.2] AndroidManifest.xml:19:19-85
meta-data#com.google.android.gms.version
ADDED from [com.google.android.gms:play-services-basement:11.2.2] AndroidManifest.xml:20:9-121
	android:value
		ADDED from [com.google.android.gms:play-services-basement:11.2.2] AndroidManifest.xml:20:66-119
	android:name
		ADDED from [com.google.android.gms:play-services-basement:11.2.2] AndroidManifest.xml:20:20-65